<?xml version="1.0" encoding="UTF-8"?>
<!-- Generated by org.testng.reporters.JUnitXMLReporter -->
<testsuite ignored="0" hostname="LAPTOP-C7CDLECM" failures="0" tests="4" name="Test" time="14.355" errors="0" timestamp="2023-03-06T08:54:53 IST">
  <testcase classname="com.saucedemo.TestPack.TC01_VerifyLoginFunctionality" name="verifyLoginFunctionality" time="0.017"/>
  <testcase classname="com.saucedemo.TestPack.TC02_VerifyBagPrdtAddToCartFunctionality" name="verifyBagPrdtAddToCartFunctionality" time="0.067"/>
  <testcase classname="com.saucedemo.TestPack.TC03_VerifyAllPrdtAddToCartFunctionality" name="verifyBagPrdtAddToCartFunctionality" time="0.438"/>
  <testcase classname="com.saucedemo.TestPack.TC04_VerifyLogoutFunctionality" name="verifyLogoutFunctionality" time="0.006"/>
</testsuite> <!-- Test -->
