<?xml version="1.0" encoding="UTF-8"?>
<testng-results ignored="0" total="4" passed="4" failed="0" skipped="0">
  <reporter-output>
  </reporter-output>
  <suite started-at="2023-03-06T08:54:38 IST" name="Suite" finished-at="2023-03-06T08:54:53 IST" duration-ms="14355">
    <groups>
    </groups>
    <test started-at="2023-03-06T08:54:38 IST" name="Test" finished-at="2023-03-06T08:54:53 IST" duration-ms="14355">
      <class name="com.saucedemo.TestPack.TC01_VerifyLoginFunctionality">
        <test-method is-config="true" signature="beforeClass(java.lang.String)[pri:0, instance:com.saucedemo.TestPack.TC01_VerifyLoginFunctionality@192d43ce]" started-at="2023-03-06T08:54:38 IST" name="beforeClass" finished-at="2023-03-06T08:54:42 IST" duration-ms="3398" status="PASS">
          <params>
            <param index="0">
              <value>
                <![CDATA[chrome]]>
              </value>
            </param>
          </params>
          <reporter-output>
          </reporter-output>
        </test-method> <!-- beforeClass -->
        <test-method is-config="true" signature="setUp()[pri:0, instance:com.saucedemo.TestPack.TC01_VerifyLoginFunctionality@192d43ce]" started-at="2023-03-06T08:54:42 IST" name="setUp" finished-at="2023-03-06T08:54:42 IST" duration-ms="673" status="PASS">
          <reporter-output>
          </reporter-output>
        </test-method> <!-- setUp -->
        <test-method signature="verifyLoginFunctionality()[pri:1, instance:com.saucedemo.TestPack.TC01_VerifyLoginFunctionality@192d43ce]" started-at="2023-03-06T08:54:42 IST" name="verifyLoginFunctionality" finished-at="2023-03-06T08:54:42 IST" duration-ms="17" status="PASS">
          <reporter-output>
          </reporter-output>
        </test-method> <!-- verifyLoginFunctionality -->
        <test-method is-config="true" signature="tearDown()[pri:0, instance:com.saucedemo.TestPack.TC01_VerifyLoginFunctionality@192d43ce]" started-at="2023-03-06T08:54:42 IST" name="tearDown" finished-at="2023-03-06T08:54:43 IST" duration-ms="189" status="PASS">
          <reporter-output>
          </reporter-output>
        </test-method> <!-- tearDown -->
        <test-method is-config="true" signature="afterClass()[pri:0, instance:com.saucedemo.TestPack.TC01_VerifyLoginFunctionality@192d43ce]" started-at="2023-03-06T08:54:43 IST" name="afterClass" finished-at="2023-03-06T08:54:43 IST" duration-ms="313" status="PASS">
          <reporter-output>
          </reporter-output>
        </test-method> <!-- afterClass -->
      </class> <!-- com.saucedemo.TestPack.TC01_VerifyLoginFunctionality -->
      <class name="com.saucedemo.TestPack.TC03_VerifyAllPrdtAddToCartFunctionality">
        <test-method is-config="true" signature="beforeClass(java.lang.String)[pri:0, instance:com.saucedemo.TestPack.TC03_VerifyAllPrdtAddToCartFunctionality@6e171cd7]" started-at="2023-03-06T08:54:46 IST" name="beforeClass" finished-at="2023-03-06T08:54:48 IST" duration-ms="2066" status="PASS">
          <params>
            <param index="0">
              <value>
                <![CDATA[chrome]]>
              </value>
            </param>
          </params>
          <reporter-output>
          </reporter-output>
        </test-method> <!-- beforeClass -->
        <test-method is-config="true" signature="setUp()[pri:0, instance:com.saucedemo.TestPack.TC03_VerifyAllPrdtAddToCartFunctionality@6e171cd7]" started-at="2023-03-06T08:54:48 IST" name="setUp" finished-at="2023-03-06T08:54:49 IST" duration-ms="624" status="PASS">
          <reporter-output>
          </reporter-output>
        </test-method> <!-- setUp -->
        <test-method signature="verifyBagPrdtAddToCartFunctionality()[pri:0, instance:com.saucedemo.TestPack.TC03_VerifyAllPrdtAddToCartFunctionality@6e171cd7]" started-at="2023-03-06T08:54:49 IST" name="verifyBagPrdtAddToCartFunctionality" finished-at="2023-03-06T08:54:49 IST" duration-ms="438" status="PASS">
          <reporter-output>
          </reporter-output>
        </test-method> <!-- verifyBagPrdtAddToCartFunctionality -->
        <test-method is-config="true" signature="tearDown()[pri:0, instance:com.saucedemo.TestPack.TC03_VerifyAllPrdtAddToCartFunctionality@6e171cd7]" started-at="2023-03-06T08:54:49 IST" name="tearDown" finished-at="2023-03-06T08:54:49 IST" duration-ms="181" status="PASS">
          <reporter-output>
          </reporter-output>
        </test-method> <!-- tearDown -->
        <test-method is-config="true" signature="afterClass()[pri:0, instance:com.saucedemo.TestPack.TC03_VerifyAllPrdtAddToCartFunctionality@6e171cd7]" started-at="2023-03-06T08:54:49 IST" name="afterClass" finished-at="2023-03-06T08:54:50 IST" duration-ms="219" status="PASS">
          <reporter-output>
          </reporter-output>
        </test-method> <!-- afterClass -->
      </class> <!-- com.saucedemo.TestPack.TC03_VerifyAllPrdtAddToCartFunctionality -->
      <class name="com.saucedemo.TestPack.TC02_VerifyBagPrdtAddToCartFunctionality">
        <test-method is-config="true" signature="beforeClass(java.lang.String)[pri:0, instance:com.saucedemo.TestPack.TC02_VerifyBagPrdtAddToCartFunctionality@498d318c]" started-at="2023-03-06T08:54:43 IST" name="beforeClass" finished-at="2023-03-06T08:54:45 IST" duration-ms="2158" status="PASS">
          <params>
            <param index="0">
              <value>
                <![CDATA[chrome]]>
              </value>
            </param>
          </params>
          <reporter-output>
          </reporter-output>
        </test-method> <!-- beforeClass -->
        <test-method is-config="true" signature="setUp()[pri:0, instance:com.saucedemo.TestPack.TC02_VerifyBagPrdtAddToCartFunctionality@498d318c]" started-at="2023-03-06T08:54:45 IST" name="setUp" finished-at="2023-03-06T08:54:46 IST" duration-ms="606" status="PASS">
          <reporter-output>
          </reporter-output>
        </test-method> <!-- setUp -->
        <test-method signature="verifyBagPrdtAddToCartFunctionality()[pri:0, instance:com.saucedemo.TestPack.TC02_VerifyBagPrdtAddToCartFunctionality@498d318c]" started-at="2023-03-06T08:54:46 IST" name="verifyBagPrdtAddToCartFunctionality" finished-at="2023-03-06T08:54:46 IST" duration-ms="67" status="PASS">
          <reporter-output>
          </reporter-output>
        </test-method> <!-- verifyBagPrdtAddToCartFunctionality -->
        <test-method is-config="true" signature="tearDown()[pri:0, instance:com.saucedemo.TestPack.TC02_VerifyBagPrdtAddToCartFunctionality@498d318c]" started-at="2023-03-06T08:54:46 IST" name="tearDown" finished-at="2023-03-06T08:54:46 IST" duration-ms="189" status="PASS">
          <reporter-output>
          </reporter-output>
        </test-method> <!-- tearDown -->
        <test-method is-config="true" signature="afterClass()[pri:0, instance:com.saucedemo.TestPack.TC02_VerifyBagPrdtAddToCartFunctionality@498d318c]" started-at="2023-03-06T08:54:46 IST" name="afterClass" finished-at="2023-03-06T08:54:46 IST" duration-ms="193" status="PASS">
          <reporter-output>
          </reporter-output>
        </test-method> <!-- afterClass -->
      </class> <!-- com.saucedemo.TestPack.TC02_VerifyBagPrdtAddToCartFunctionality -->
      <class name="com.saucedemo.TestPack.TC04_VerifyLogoutFunctionality">
        <test-method is-config="true" signature="beforeClass(java.lang.String)[pri:0, instance:com.saucedemo.TestPack.TC04_VerifyLogoutFunctionality@402bba4f]" started-at="2023-03-06T08:54:50 IST" name="beforeClass" finished-at="2023-03-06T08:54:52 IST" duration-ms="1958" status="PASS">
          <params>
            <param index="0">
              <value>
                <![CDATA[chrome]]>
              </value>
            </param>
          </params>
          <reporter-output>
          </reporter-output>
        </test-method> <!-- beforeClass -->
        <test-method is-config="true" signature="setUp()[pri:0, instance:com.saucedemo.TestPack.TC04_VerifyLogoutFunctionality@402bba4f]" started-at="2023-03-06T08:54:52 IST" name="setUp" finished-at="2023-03-06T08:54:52 IST" duration-ms="636" status="PASS">
          <reporter-output>
          </reporter-output>
        </test-method> <!-- setUp -->
        <test-method signature="verifyLogoutFunctionality()[pri:0, instance:com.saucedemo.TestPack.TC04_VerifyLogoutFunctionality@402bba4f]" started-at="2023-03-06T08:54:52 IST" name="verifyLogoutFunctionality" finished-at="2023-03-06T08:54:52 IST" duration-ms="6" status="PASS">
          <reporter-output>
          </reporter-output>
        </test-method> <!-- verifyLogoutFunctionality -->
        <test-method is-config="true" signature="tearDown()[pri:0, instance:com.saucedemo.TestPack.TC04_VerifyLogoutFunctionality@402bba4f]" started-at="2023-03-06T08:54:52 IST" name="tearDown" finished-at="2023-03-06T08:54:52 IST" duration-ms="181" status="PASS">
          <reporter-output>
          </reporter-output>
        </test-method> <!-- tearDown -->
        <test-method is-config="true" signature="afterClass()[pri:0, instance:com.saucedemo.TestPack.TC04_VerifyLogoutFunctionality@402bba4f]" started-at="2023-03-06T08:54:52 IST" name="afterClass" finished-at="2023-03-06T08:54:53 IST" duration-ms="201" status="PASS">
          <reporter-output>
          </reporter-output>
        </test-method> <!-- afterClass -->
      </class> <!-- com.saucedemo.TestPack.TC04_VerifyLogoutFunctionality -->
    </test> <!-- Test -->
  </suite> <!-- Suite -->
</testng-results>
