<?xml version="1.0" encoding="UTF-8"?>
<!-- Generated by org.testng.reporters.JUnitXMLReporter -->
<testsuite ignored="0" hostname="LAPTOP-C7CDLECM" failures="0" tests="2" name="HighPriorityTest" time="6.885" errors="0" timestamp="2023-03-05T12:39:53 IST">
  <testcase classname="com.saucedemo.TestPack.TC01_VerifyLoginFunctionality" name="verifyLoginFunctionality" time="0.014"/>
  <testcase classname="com.saucedemo.TestPack.TC02_VerifyBagPrdtAddToCartFunctionality" name="verifyBagPrdtAddToCartFunctionality" time="0.07"/>
</testsuite> <!-- HighPriorityTest -->
